(cmaxime)Running: start_machine	[ exec-time = 0.0007152557373046875]
(cmaxime)Running: make_coffee	[ exec-time = 0.035762786865234375] 
(cmaxime)Running: start_machine	[ exec-time = 0.000476837158203125] 
(cmaxime)Running: make_coffee	[ exec-time = 0.016689300537109375] 
(cmaxime)Running: start_machine	[ exec-time = 0.0002384185791015625] 
(cmaxime)Running: make_coffee	[ exec-time = 0.0152587890625] 
(cmaxime)Running: start_machine	[ exec-time = 0.0002384185791015625] 
(cmaxime)Running: make_coffee	[ exec-time = 0.0152587890625] 
(cmaxime)Running: start_machine	[ exec-time = 0.0002384185791015625] 
(cmaxime)Running: make_coffee	[ exec-time = 0.014543533325195312] 
(cmaxime)Running: start_machine	[ exec-time = 0.0002384185791015625] 
(cmaxime)Running: make_coffee	[ exec-time = 0.014543533325195312] 
(cmaxime)Running: add_water	[ exec-time = 1000.6160736083984] 
(cmaxime)Running: start_machine	[ exec-time = 7.152557373046875e-06] 
(cmaxime)Running: make_coffee	[ exec-time = 0.0004172325134277344] 
(cmaxime)Running: start_machine	[ exec-time = 4.76837158203125e-06] 
(cmaxime)Running: make_coffee	[ exec-time = 0.000171661376953125] 
(cmaxime)Running: start_machine	[ exec-time = 2.384185791015625e-06] 
(cmaxime)Running: make_coffee	[ exec-time = 0.00015735626220703125] 
(cmaxime)Running: start_machine	[ exec-time = 0.0] 
(cmaxime)Running: make_coffee	[ exec-time = 0.00014543533325195312] 
(cmaxime)Running: start_machine	[ exec-time = 2.384185791015625e-06] 
(cmaxime)Running: make_coffee	[ exec-time = 0.000152587890625] 
(cmaxime)Running: start_machine	[ exec-time = 2.384185791015625e-06] 
(cmaxime)Running: make_coffee	[ exec-time = 0.00014781951904296875] 
(cmaxime)Running: add_water	[ exec-time = 30.018320083618164] 
